<?xml version="1.0" ?>
<coverage branch-rate="0" branches-covered="0" branches-valid="0" complexity="0" line-rate="0.3333" lines-covered="1" lines-valid="3" timestamp="1585289923019" version="5.0.4">
	<!-- Generated by coverage.py: https://coverage.readthedocs.io -->
	<!-- Based on https://raw.githubusercontent.com/cobertura/web/master/htdocs/xml/coverage-04.dtd -->
	<sources>
		<source>C:\Users\tdc\Documents\NintendoFCode Bot\tests</source>
	</sources>
	<packages>
		<package branch-rate="0" complexity="0" line-rate="0.3333" name=".">
			<classes>
				<class branch-rate="0" complexity="0" filename="__init__.py" line-rate="1" name="__init__.py">
					<methods/>
					<lines/>
				</class>
				<class branch-rate="0" complexity="0" filename="test_db_tools.py" line-rate="0.3333" name="test_db_tools.py">
					<methods/>
					<lines>
						<line hits="1" number="1"/>
						<line hits="0" number="4"/>
						<line hits="0" number="5"/>
					</lines>
				</class>
			</classes>
		</package>
	</packages>
</coverage>
